[INFO] 2025-05-26 21:12:52
%!(EXTRA string=日志记录器初始化成功 %!s(MISSING))[ERROR] 2025-05-26 21:12:52
%!(EXTRA string=数据库连接失败 %!s(MISSING))[INFO] 2025-05-26 21:16:46
%!(EXTRA string=日志记录器初始化成功 %!s(MISSING))[FATAL] 2025-05-26 21:16:46
%!(EXTRA string=数据库连接失败:sql: unknown driver "mysql" (forgotten import?) %!s(MISSING))[INFO] 2025-05-26 21:16:50
%!(EXTRA string=日志记录器初始化成功 %!s(MISSING))[FATAL] 2025-05-26 21:16:50
%!(EXTRA string=数据库连接失败:sql: unknown driver "mysql" (forgotten import?) %!s(MISSING))[INFO] 2025-05-26 21:17:13
%!(EXTRA string=日志记录器初始化成功 %!s(MISSING))[FATAL] 2025-05-26 21:17:13
%!(EXTRA string=数据库连接失败:sql: unknown driver "mysql" (forgotten import?) %!s(MISSING))[INFO] 2025-05-26 21:18:04
%!(EXTRA string=日志记录器初始化成功 %!s(MISSING))[INFO] 2025-05-26 21:18:10
%!(EXTRA string=日志记录器初始化成功 %!s(MISSING))[INFO] 2025-05-26 21:32:30
%!(EXTRA string=日志记录器初始化成功 %!s(MISSING))[INFO] 2025-05-26 21:36:03
%!(EXTRA string=日志记录器初始化成功 %!s(MISSING))[INFO] 2025-05-26 21:47:43
%!(EXTRA string=日志记录器初始化成功 %!s(MISSING))[INFO] 2025-05-26 21:47:44
%!(EXTRA string=数据库连接失败:dial tcp 192.168.64.2:3306: connect: connection refused
 %!s(MISSING))[INFO] 2025-05-26 21:49:36
%!(EXTRA string=add user %!s(MISSING))[INFO] 2025-05-26 21:52:20
%!(EXTRA string=服务器已经关闭 %!s(MISSING))[INFO] 2025-05-26 21:52:25
%!(EXTRA string=日志记录器初始化成功 %!s(MISSING))[FATAL] 2025-05-26 21:52:26
%!(EXTRA string=数据库连接失败:dial tcp 192.168.64.2:3306: connect: connection refused
 %!s(MISSING))[INFO] 2025-05-26 21:52:31
%!(EXTRA string=日志记录器初始化成功 %!s(MISSING))[FATAL] 2025-05-26 21:52:32
%!(EXTRA string=数据库连接失败:dial tcp 192.168.64.2:3306: connect: connection refused
 %!s(MISSING))[INFO] 2025-05-26 21:54:57
%!(EXTRA string=日志记录器初始化成功 %!s(MISSING))[INFO] 2025-05-26 21:55:26
%!(EXTRA string=服务器已经关闭 %!s(MISSING))[INFO] 2025-05-26 21:56:35
%!(EXTRA string=日志记录器初始化成功 %!s(MISSING))[INFO] 2025-05-26 22:02:21
%!(EXTRA string=日志记录器初始化成功 %!s(MISSING))[INFO] 2025-05-26 22:04:22
%!(EXTRA string=日志记录器初始化成功 %!s(MISSING))[INFO] 2025-05-26 22:06:42
%!(EXTRA string=日志记录器初始化成功 %!s(MISSING))[INFO] 2025-05-26 22:06:42
%!(EXTRA string=数据库连接成功 %!s(MISSING))[INFO] 2025-05-26 22:06:58
%!(EXTRA string=add user %!s(MISSING))[INFO] 2025-05-26 22:06:58
%!(EXTRA string=新用户注册成功 ID:1 Username:emily %!s(MISSING))[INFO] 2025-05-26 22:07:55
%!(EXTRA string=Get User %!s(MISSING))[INFO] 2025-05-26 22:07:55
%!(EXTRA string=获取用户1信息成功 %!s(MISSING))[INFO] 2025-05-26 22:08:28
%!(EXTRA string=add user %!s(MISSING))[INFO] 2025-05-26 22:08:28
%!(EXTRA string=新用户注册成功 ID:2 Username:brave_panda_2727 %!s(MISSING))[INFO] 2025-05-26 22:08:58
%!(EXTRA string=update user %!s(MISSING))[INFO] 2025-05-26 22:08:58
%!(EXTRA string=进入UpdateUser %!s(MISSING))[INFO] 2025-05-26 22:08:58
%!(EXTRA string=进入updateUser %!s(MISSING))[INFO] 2025-05-26 22:08:58
%!(EXTRA string=用户2更新数据成功 %!s(MISSING))[INFO] 2025-05-26 22:09:32
%!(EXTRA string=delete user %!s(MISSING))[INFO] 2025-05-26 22:09:32
%!(EXTRA string=进入DeleteUser %!s(MISSING))[INFO] 2025-05-26 22:09:32
%!(EXTRA string=删除用户2成功 %!s(MISSING))[INFO] 2025-05-26 22:11:46
%!(EXTRA string=update password %!s(MISSING))[INFO] 2025-05-26 22:11:46
%!(EXTRA string=进入updateUser %!s(MISSING))[INFO] 2025-05-26 22:12:10
%!(EXTRA string=update password %!s(MISSING))[INFO] 2025-05-26 22:12:36
%!(EXTRA string=update password %!s(MISSING))[INFO] 2025-05-26 22:13:11
%!(EXTRA string=update password %!s(MISSING))[INFO] 2025-05-26 22:13:20
%!(EXTRA string=add user %!s(MISSING))[INFO] 2025-05-26 22:13:20
%!(EXTRA string=新用户注册成功 ID:3 Username:kind_dog_5118 %!s(MISSING))[INFO] 2025-05-26 22:13:29
%!(EXTRA string=update password %!s(MISSING))[INFO] 2025-05-26 22:13:29
%!(EXTRA string=进入updateUser %!s(MISSING))[INFO] 2025-05-26 22:14:13
%!(EXTRA string=Get User %!s(MISSING))[INFO] 2025-05-26 22:14:13
%!(EXTRA string=获取用户1信息成功 %!s(MISSING))[INFO] 2025-05-26 22:14:25
%!(EXTRA string=服务器已经关闭 %!s(MISSING))[INFO] 2025-05-26 22:21:57
%!(EXTRA string=日志记录器初始化成功 %!s(MISSING))[INFO] 2025-05-26 22:21:57
%!(EXTRA string=数据库连接成功 %!s(MISSING))[INFO] 2025-05-26 22:21:57
%!(EXTRA string=收到sigint信号，关闭服务器！！！！ %!s(MISSING))[INFO] 2025-05-26 22:22:28
%!(EXTRA string=add user %!s(MISSING))[INFO] 2025-05-26 22:22:29
%!(EXTRA string=新用户注册成功 ID:4 Username:happy_bear_9872 %!s(MISSING))[INFO] 2025-05-26 22:23:05
%!(EXTRA string=Get User %!s(MISSING))[INFO] 2025-05-26 22:23:05
%!(EXTRA string=获取用户4信息成功 %!s(MISSING))[INFO] 2025-05-26 22:27:11
%!(EXTRA string=日志记录器初始化成功 %!s(MISSING))[INFO] 2025-05-26 22:36:08
%!(EXTRA string=日志记录器初始化成功 %!s(MISSING))[INFO] 2025-05-26 22:36:08
%!(EXTRA string=数据库连接成功 %!s(MISSING))[INFO] 2025-05-26 22:36:27
%!(EXTRA string=Get User %!s(MISSING))[INFO] 2025-05-26 22:36:27
%!(EXTRA string=获取用户4信息成功 %!s(MISSING))[INFO] 2025-05-26 22:36:44
%!(EXTRA string=add user %!s(MISSING))[ERROR] 2025-05-26 22:36:44
%!(EXTRA string=参数格式错误：invalid character '}' looking for beginning of object key string %!s(MISSING))[INFO] 2025-05-26 22:36:50
%!(EXTRA string=add user %!s(MISSING))[ERROR] 2025-05-26 22:36:50
%!(EXTRA string=参数格式错误：Key: 'AddUserReq.Age' Error:Field validation for 'Age' failed on the 'gte' tag %!s(MISSING))[INFO] 2025-05-26 22:37:07
%!(EXTRA string=add user %!s(MISSING))[ERROR] 2025-05-26 22:37:07
%!(EXTRA string=参数格式错误：Key: 'AddUserReq.Age' Error:Field validation for 'Age' failed on the 'gte' tag %!s(MISSING))[INFO] 2025-05-26 22:38:36
%!(EXTRA string=日志记录器初始化成功 %!s(MISSING))[INFO] 2025-05-26 22:38:36
%!(EXTRA string=数据库连接成功 %!s(MISSING))[INFO] 2025-05-26 22:38:44
%!(EXTRA string=add user %!s(MISSING))[ERROR] 2025-05-26 22:38:44
%!(EXTRA string=参数格式错误：Key: 'AddUserReq.Age' Error:Field validation for 'Age' failed on the 'gte' tag %!s(MISSING))[INFO] 2025-05-26 22:39:39
%!(EXTRA string=日志记录器初始化成功 %!s(MISSING))[INFO] 2025-05-26 22:39:39
%!(EXTRA string=数据库连接成功 %!s(MISSING))[INFO] 2025-05-26 22:39:46
%!(EXTRA string=add user %!s(MISSING))[INFO] 2025-05-26 22:40:42
%!(EXTRA string=日志记录器初始化成功 %!s(MISSING))[INFO] 2025-05-26 22:40:42
%!(EXTRA string=数据库连接成功 %!s(MISSING))[INFO] 2025-05-26 22:40:47
%!(EXTRA string=add user %!s(MISSING))[INFO] 2025-05-26 22:44:24
%!(EXTRA string=日志记录器初始化成功 %!s(MISSING))[INFO] 2025-05-26 22:44:24
%!(EXTRA string=数据库连接成功 %!s(MISSING))[INFO] 2025-05-26 22:44:27
%!(EXTRA string=add user %!s(MISSING))[INFO] 2025-05-26 22:44:27
%!(EXTRA string=新用户注册成功 ID:7 Username:kind_cat_0550 %!s(MISSING))[INFO] 2025-05-26 22:44:53
%!(EXTRA string=add user %!s(MISSING))[INFO] 2025-05-26 22:44:53
%!(EXTRA string=新用户注册成功 ID:8 Username:happy_dog_5349 %!s(MISSING))[INFO] 2025-05-26 23:46:29
%!(EXTRA string=日志记录器初始化成功 %!s(MISSING))[INFO] 2025-05-26 23:46:29
%!(EXTRA string=数据库连接成功 %!s(MISSING))[INFO] 2025-05-26 23:47:00
%!(EXTRA string=add user %!s(MISSING))[INFO] 2025-05-26 23:47:00
%!(EXTRA string=新用户注册成功 ID:1 Username:lazy_lion_3753 %!s(MISSING))[INFO] 2025-05-26 23:47:26
%!(EXTRA string=update user %!s(MISSING))[INFO] 2025-05-26 23:47:26
%!(EXTRA string=进入UpdateUser %!s(MISSING))[INFO] 2025-05-26 23:47:26
%!(EXTRA string=进入updateUser %!s(MISSING))[INFO] 2025-05-26 23:47:26
%!(EXTRA string=用户1更新数据成功 %!s(MISSING))[INFO] 2025-05-26 23:49:46
%!(EXTRA string=update password %!s(MISSING))[INFO] 2025-05-26 23:49:46
%!(EXTRA string=进入updateUser %!s(MISSING))[INFO] 2025-05-26 23:50:48
%!(EXTRA string=add user %!s(MISSING))[INFO] 2025-05-26 23:50:48
%!(EXTRA string=新用户注册成功 ID:2 Username:Qegg %!s(MISSING))[INFO] 2025-05-26 23:51:04
%!(EXTRA string=add user %!s(MISSING))[INFO] 2025-05-26 23:51:04
%!(EXTRA string=新用户注册成功 ID:3 Username:egg %!s(MISSING))[INFO] 2025-05-26 23:51:09
%!(EXTRA string=delete user %!s(MISSING))[INFO] 2025-05-26 23:51:09
%!(EXTRA string=进入DeleteUser %!s(MISSING))[INFO] 2025-05-26 23:51:09
%!(EXTRA string=删除用户3成功 %!s(MISSING))